<?xml version="1.0" encoding="UTF-8"?>
<testng-results total="2" passed="2" failed="0" skipped="0">
  <reporter-output>
  </reporter-output>
  <suite started-at="2023-05-01T17:30:59Z" name="Surefire suite" finished-at="2023-05-01T17:31:09Z" duration-ms="9663">
    <groups>
    </groups>
    <test started-at="2023-05-01T17:30:59Z" name="Surefire test" finished-at="2023-05-01T17:31:09Z" duration-ms="9663">
      <class name="com.qacart.todo.testCases.TodoTest">
        <test-method is-config="true" signature="setup()[pri:0, instance:com.qacart.todo.testCases.TodoTest@23bb8443]" started-at="2023-05-01T18:31:04Z" name="setup" finished-at="2023-05-01T18:31:07Z" duration-ms="2728" status="PASS">
          <reporter-output>
          </reporter-output>
        </test-method> <!-- setup -->
        <test-method signature="shouldBeAbleToDeleteNewTodo()[pri:0, instance:com.qacart.todo.testCases.TodoTest@23bb8443]" started-at="2023-05-01T18:31:07Z" name="shouldBeAbleToDeleteNewTodo" finished-at="2023-05-01T18:31:09Z" duration-ms="1786" status="PASS">
          <reporter-output>
          </reporter-output>
        </test-method> <!-- shouldBeAbleToDeleteNewTodo -->
      </class> <!-- com.qacart.todo.testCases.TodoTest -->
      <class name="com.qacart.todo.testCases.LoginTest">
        <test-method is-config="true" signature="setup()[pri:0, instance:com.qacart.todo.testCases.LoginTest@49e202ad]" started-at="2023-05-01T18:30:59Z" name="setup" finished-at="2023-05-01T18:31:03Z" duration-ms="4041" status="PASS">
          <reporter-output>
          </reporter-output>
        </test-method> <!-- setup -->
        <test-method signature="loginWithValidCredentials()[pri:0, instance:com.qacart.todo.testCases.LoginTest@49e202ad]" started-at="2023-05-01T18:31:03Z" name="loginWithValidCredentials" finished-at="2023-05-01T18:31:04Z" duration-ms="1097" status="PASS">
          <reporter-output>
          </reporter-output>
        </test-method> <!-- loginWithValidCredentials -->
      </class> <!-- com.qacart.todo.testCases.LoginTest -->
    </test> <!-- Surefire test -->
  </suite> <!-- Surefire suite -->
</testng-results>
